<?xml version="1.0" encoding="UTF-8"?>
<testng-results ignored="0" total="3" passed="3" failed="0" skipped="0">
  <reporter-output>
  </reporter-output>
  <suite started-at="2024-03-29T01:27:34 IST" name="Default suite" finished-at="2024-03-29T01:27:43 IST" duration-ms="8807">
    <groups>
    </groups>
    <test started-at="2024-03-29T01:27:34 IST" name="Default test" finished-at="2024-03-29T01:27:43 IST" duration-ms="8807">
      <class name="testing.Test1">
        <test-method signature="c()[pri:-900000000, instance:testing.Test1@18df8434]" started-at="2024-03-29T01:27:34 IST" name="c" finished-at="2024-03-29T01:27:43 IST" duration-ms="8739" status="PASS">
          <reporter-output>
          </reporter-output>
        </test-method> <!-- c -->
        <test-method signature="a()[pri:0, instance:testing.Test1@18df8434]" started-at="2024-03-29T01:27:43 IST" name="a" finished-at="2024-03-29T01:27:43 IST" duration-ms="2" status="PASS">
          <reporter-output>
          </reporter-output>
        </test-method> <!-- a -->
        <test-method signature="b()[pri:900000000, instance:testing.Test1@18df8434]" started-at="2024-03-29T01:27:43 IST" name="b" finished-at="2024-03-29T01:27:43 IST" duration-ms="2" status="PASS">
          <reporter-output>
          </reporter-output>
        </test-method> <!-- b -->
      </class> <!-- testing.Test1 -->
    </test> <!-- Default test -->
  </suite> <!-- Default suite -->
</testng-results>
